<?xml version="1.0" encoding="UTF-8"?>
<testng-results ignored="0" total="3" passed="3" failed="0" skipped="0">
  <reporter-output>
  </reporter-output>
  <suite started-at="2022-11-25T09:21:24 ART" name="CheckoutFlow" finished-at="2022-11-25T09:21:24 ART" duration-ms="0">
    <groups>
    </groups>
    <test started-at="2022-11-25T09:21:24 ART" name="CheckoutFlowTest" finished-at="2022-11-25T09:21:24 ART" duration-ms="0">
    </test> <!-- CheckoutFlowTest -->
  </suite> <!-- CheckoutFlow -->
  <suite started-at="2022-11-25T09:21:24 ART" name="ShoppingCart" finished-at="2022-11-25T09:21:24 ART" duration-ms="0">
    <groups>
    </groups>
    <test started-at="2022-11-25T09:21:24 ART" name="ShoppingCartTest" finished-at="2022-11-25T09:21:24 ART" duration-ms="0">
    </test> <!-- ShoppingCartTest -->
  </suite> <!-- ShoppingCart -->
  <suite started-at="2022-11-25T09:21:24 ART" name="Automation Web Challenge on demoblaze.com" finished-at="2022-11-25T09:22:54 ART" duration-ms="90264">
    <groups>
      <group name="cucumber">
        <method signature="AbstractTestNGCucumberTests.runScenario(io.cucumber.testng.PickleWrapper,io.cucumber.testng.FeatureWrapper)[pri:0, instance:com.challenge.test.RunCucumberTest@79767781]" name="runScenario" class="io.cucumber.testng.AbstractTestNGCucumberTests"/>
      </group> <!-- cucumber -->
    </groups>
    <test started-at="2022-11-25T09:21:24 ART" name="Automation Web Challenge on demoblaze.com" finished-at="2022-11-25T09:22:54 ART" duration-ms="90264">
      <class name="com.challenge.test.RunCucumberTest">
        <test-method is-config="true" signature="setUpClass(org.testng.ITestContext)[pri:0, instance:com.challenge.test.RunCucumberTest@79767781]" started-at="2022-11-25T09:21:24 ART" name="setUpClass" finished-at="2022-11-25T09:21:26 ART" duration-ms="1512" status="PASS">
          <params>
            <param index="0">
              <value>
                <![CDATA[org.testng.TestRunner@2464c125]]>
              </value>
            </param>
          </params>
          <reporter-output>
          </reporter-output>
        </test-method> <!-- setUpClass -->
        <test-method signature="runScenario(io.cucumber.testng.PickleWrapper,io.cucumber.testng.FeatureWrapper)[pri:0, instance:com.challenge.test.RunCucumberTest@79767781]" started-at="2022-11-25T09:21:26 ART" name="runScenario" description="Runs Cucumber Scenarios" data-provider="scenarios" finished-at="2022-11-25T09:21:56 ART" duration-ms="30259" status="PASS">
          <params>
            <param index="0">
              <value>
                <![CDATA["Add multiple categories"]]>
              </value>
            </param>
            <param index="1">
              <value>
                <![CDATA["Automation Web Challenge demoblaze.com"]]>
              </value>
            </param>
          </params>
          <reporter-output>
          </reporter-output>
        </test-method> <!-- runScenario -->
        <test-method signature="runScenario(io.cucumber.testng.PickleWrapper,io.cucumber.testng.FeatureWrapper)[pri:0, instance:com.challenge.test.RunCucumberTest@79767781]" started-at="2022-11-25T09:21:56 ART" name="runScenario" description="Runs Cucumber Scenarios" data-provider="scenarios" finished-at="2022-11-25T09:22:38 ART" duration-ms="42105" status="PASS">
          <params>
            <param index="0">
              <value>
                <![CDATA["Shopping Cart"]]>
              </value>
            </param>
            <param index="1">
              <value>
                <![CDATA["Automation Web Challenge demoblaze.com"]]>
              </value>
            </param>
          </params>
          <reporter-output>
          </reporter-output>
        </test-method> <!-- runScenario -->
        <test-method signature="runScenario(io.cucumber.testng.PickleWrapper,io.cucumber.testng.FeatureWrapper)[pri:0, instance:com.challenge.test.RunCucumberTest@79767781]" started-at="2022-11-25T09:22:38 ART" name="runScenario" description="Runs Cucumber Scenarios" data-provider="scenarios" finished-at="2022-11-25T09:22:54 ART" duration-ms="16138" status="PASS">
          <params>
            <param index="0">
              <value>
                <![CDATA["Checkout Flow"]]>
              </value>
            </param>
            <param index="1">
              <value>
                <![CDATA["Automation Web Challenge demoblaze.com"]]>
              </value>
            </param>
          </params>
          <reporter-output>
          </reporter-output>
        </test-method> <!-- runScenario -->
        <test-method is-config="true" signature="tearDownClass()[pri:0, instance:com.challenge.test.RunCucumberTest@79767781]" started-at="2022-11-25T09:22:54 ART" name="tearDownClass" finished-at="2022-11-25T09:22:54 ART" duration-ms="79" status="PASS">
          <reporter-output>
          </reporter-output>
        </test-method> <!-- tearDownClass -->
      </class> <!-- com.challenge.test.RunCucumberTest -->
    </test> <!-- Automation Web Challenge on demoblaze.com -->
  </suite> <!-- Automation Web Challenge on demoblaze.com -->
  <suite started-at="2022-11-25T09:21:24 ART" name="AddMultipleCategories" finished-at="2022-11-25T09:21:24 ART" duration-ms="16">
    <groups>
    </groups>
    <test started-at="2022-11-25T09:21:24 ART" name="AddMultipleCategoriesTest" finished-at="2022-11-25T09:21:24 ART" duration-ms="16">
    </test> <!-- AddMultipleCategoriesTest -->
  </suite> <!-- AddMultipleCategories -->
</testng-results>
