<?xml version="1.0" encoding="UTF-8"?>
<!-- Generated by org.testng.reporters.JUnitXMLReporter -->
<testsuite ignored="0" hostname="LAPTOP-2GPD92DT" failures="0" tests="3" name="Automation Web Challenge on demoblaze.com" time="90.264" errors="0" timestamp="2022-11-25T09:22:54 ART">
  <testcase classname="io.cucumber.testng.AbstractTestNGCucumberTests" name="runScenario" time="30.259"/>
  <testcase classname="io.cucumber.testng.AbstractTestNGCucumberTests" name="runScenario" time="42.105"/>
  <testcase classname="io.cucumber.testng.AbstractTestNGCucumberTests" name="runScenario" time="16.138"/>
</testsuite> <!-- Automation Web Challenge on demoblaze.com -->
